<?xml version="1.0" encoding="UTF-8"?>
<!-- Generated by org.testng.reporters.JUnitReportReporter -->
<testsuite hostname="Kumarswamy-PC" failures="0" tests="1" name="com.Ecommerce.ShopperStack.Login.LoginTest" time="9.053" errors="0" timestamp="2025-04-12T16:24:36 IST" skipped="0">
  <testcase classname="com.Ecommerce.ShopperStack.Login.LoginTest" name="loginToAppTest" time="9.053"/>
</testsuite> <!-- com.Ecommerce.ShopperStack.Login.LoginTest -->
